<?xml version="1.0" encoding="UTF-8"?>
<!-- Generated by org.testng.reporters.JUnitReportReporter -->
<testsuite hostname="EC2AMAZ-S11DBRH" failures="0" tests="1" name="testScripts.CDP" time="5.477" errors="0" timestamp="2024-05-02T05:49:35 GMT" skipped="0">
  <testcase classname="testScripts.CDP" name="getlocationTest" time="5.477"/>
  <system-out/>
</testsuite> <!-- testScripts.CDP -->
