<?xml version="1.0" encoding="UTF-8"?>
<!-- Generated by org.testng.reporters.JUnitReportReporter -->
<testsuite hostname="EC2AMAZ-S11DBRH" failures="0" tests="1" name="testScripts.GooglePageTest" time="5.277" errors="0" timestamp="2024-04-25T07:16:11 GMT" skipped="0">
  <testcase classname="testScripts.GooglePageTest" name="javaSearchTest" time="5.277"/>
  <system-out/>
</testsuite> <!-- testScripts.GooglePageTest -->
