<?xml version="1.0" encoding="UTF-8"?>
<!-- Generated by org.testng.reporters.JUnitReportReporter -->
<testsuite hostname="EC2AMAZ-S11DBRH" failures="0" tests="1" name="testScripts.LoginTest" time="5.282" errors="0" timestamp="2024-04-26T04:50:43 GMT" skipped="0">
  <testcase classname="testScripts.LoginTest" name="login" time="5.282"/>
  <system-out/>
</testsuite> <!-- testScripts.LoginTest -->
