<?xml version="1.0" encoding="UTF-8"?>
<!-- Generated by org.testng.reporters.JUnitReportReporter -->
<testsuite hostname="EC2AMAZ-S11DBRH" failures="0" tests="2" name="testScripts.Sample1" time="0.013" errors="0" timestamp="2024-04-26T06:39:40 GMT" skipped="0">
  <testcase classname="testScripts.Sample1" name="testone" time="0.011"/>
  <system-out/>
  <testcase classname="testScripts.Sample1" name="testtwo" time="0.002"/>
  <system-out/>
</testsuite> <!-- testScripts.Sample1 -->
