<?xml version="1.0" encoding="UTF-8"?>
<!-- Generated by org.testng.reporters.JUnitReportReporter -->
<testsuite hostname="EC2AMAZ-S11DBRH" failures="0" tests="4" name="parallelScripts.sample3" time="0.145" errors="0" timestamp="2024-04-26T07:32:30 GMT" skipped="0">
  <testcase classname="parallelScripts.sample3" name="testThree" time="0.038"/>
  <system-out/>
  <testcase classname="parallelScripts.sample3" name="testOne" time="0.015"/>
  <system-out/>
  <testcase classname="parallelScripts.sample3" name="testFour" time="0.032"/>
  <system-out/>
  <testcase classname="parallelScripts.sample3" name="testTwo" time="0.060"/>
  <system-out/>
</testsuite> <!-- parallelScripts.sample3 -->
