<?xml version="1.0" encoding="UTF-8"?>
<!-- Generated by org.testng.reporters.JUnitReportReporter -->
<testsuite hostname="EC2AMAZ-S11DBRH" failures="0" tests="4" name="testScripts.GooglePageTest" time="16.071" errors="0" timestamp="2024-04-26T05:29:08 GMT" skipped="1">
  <testcase classname="testScripts.GooglePageTest" name="javaSearchTest" time="4.847"/>
  <system-out/>
  <testcase classname="testScripts.GooglePageTest" name="seleniumSearchTest" time="6.076"/>
  <system-out/>
  <testcase classname="testScripts.GooglePageTest" name="appiumSearchTest" time="5.148"/>
  <system-out/>
  <testcase classname="testScripts.GooglePageTest" name="cucumberSearchTest">
    <skipped/>
  </testcase> <!-- cucumberSearchTest -->
  <system-out/>
</testsuite> <!-- testScripts.GooglePageTest -->
