<?xml version="1.0" encoding="UTF-8"?>
<!-- Generated by org.testng.reporters.JUnitReportReporter -->
<testsuite hostname="EC2AMAZ-S11DBRH" failures="0" tests="4" name="parallelScripts.sample2" time="0.144" errors="0" timestamp="2024-04-26T07:32:30 GMT" skipped="0">
  <testcase classname="parallelScripts.sample2" name="testFour" time="0.043"/>
  <system-out/>
  <testcase classname="parallelScripts.sample2" name="testOne" time="0.059"/>
  <system-out/>
  <testcase classname="parallelScripts.sample2" name="testTwo" time="0.026"/>
  <system-out/>
  <testcase classname="parallelScripts.sample2" name="testThree" time="0.016"/>
  <system-out/>
</testsuite> <!-- parallelScripts.sample2 -->
