<?xml version="1.0" encoding="UTF-8"?>
<!-- Generated by org.testng.reporters.JUnitReportReporter -->
<testsuite hostname="EC2AMAZ-S11DBRH" failures="0" tests="1" name="testScripts.LoginTest" time="8.560" errors="0" timestamp="2024-04-29T04:21:40 GMT" skipped="0">
  <testcase classname="testScripts.LoginTest" name="login" time="8.560"/>
  <system-out/>
</testsuite> <!-- testScripts.LoginTest -->
