<?xml version="1.0" encoding="UTF-8"?>
<!-- Generated by org.testng.reporters.JUnitReportReporter -->
<testsuite hostname="EC2AMAZ-S11DBRH" failures="0" tests="1" name="testScripts.LoginTest" time="4.790" errors="0" timestamp="2024-04-26T06:28:28 GMT" skipped="0">
  <testcase classname="testScripts.LoginTest" name="login" time="4.790"/>
  <system-out/>
</testsuite> <!-- testScripts.LoginTest -->
