<?xml version="1.0" encoding="UTF-8"?>
<!-- Generated by org.testng.reporters.JUnitReportReporter -->
<testsuite hostname="EC2AMAZ-S11DBRH" failures="0" tests="9" name="parallelScripts.sample3" time="0.116" errors="0" timestamp="2024-04-29T03:50:11 GMT" skipped="0">
  <testcase classname="parallelScripts.sample3" name="testFour" time="0.032"/>
  <system-out/>
  <testcase classname="parallelScripts.sample3" name="testFour" time="0.009"/>
  <system-out/>
  <testcase classname="parallelScripts.sample3" name="testFour" time="0.028"/>
  <system-out/>
  <testcase classname="parallelScripts.sample3" name="testFour" time="0.029"/>
  <system-out/>
  <testcase classname="parallelScripts.sample3" name="testOne" time="0.002"/>
  <system-out/>
  <testcase classname="parallelScripts.sample3" name="testThree" time="0.002"/>
  <system-out/>
  <testcase classname="parallelScripts.sample3" name="testFour" time="0.004"/>
  <system-out/>
  <testcase classname="parallelScripts.sample3" name="testTwo" time="0.002"/>
  <system-out/>
  <testcase classname="parallelScripts.sample3" name="testFour" time="0.008"/>
  <system-out/>
</testsuite> <!-- parallelScripts.sample3 -->
