<?xml version="1.0" encoding="UTF-8"?>
<!-- Generated by org.testng.reporters.JUnitReportReporter -->
<testsuite hostname="EC2AMAZ-S11DBRH" failures="0" tests="2" name="testScripts.Sample2" time="0.005" errors="0" timestamp="2024-04-26T06:39:40 GMT" skipped="0">
  <testcase classname="testScripts.Sample2" name="twotesttwo" time="0.003"/>
  <system-out/>
  <testcase classname="testScripts.Sample2" name="onetestone" time="0.002"/>
  <system-out/>
</testsuite> <!-- testScripts.Sample2 -->
